2024-01-04 15:29:26 [INFO]    X2MindSpore start working now, please wait for a moment.
2024-01-04 15:29:26 [INFO]    Analysis start...
2024-01-04 15:29:26 [INFO]    [  0.00%] Start analysis tuple2id.py.
2024-01-04 15:29:28 [INFO]    [ 14.29%] Analysis tuple2id.py complete.
2024-01-04 15:29:28 [INFO]    [ 14.29%] Start analysis data_process.py.
2024-01-04 15:29:32 [INFO]    [ 28.57%] Analysis data_process.py complete.
2024-01-04 15:29:32 [INFO]    [ 28.57%] Start analysis Data Processing.py.
2024-01-04 15:29:36 [INFO]    [ 42.86%] Analysis Data Processing.py complete.
2024-01-04 15:29:36 [INFO]    [ 42.86%] Start analysis main-WikiPeople.py.
2024-01-04 15:29:37 [INFO]    [ 42.86%] Line: 10 ApiType: SUPPORTED Message: "torch.device" has no corresponding api in MindSpore, will be converted to adapted api "x2ms_adapter.Device" by x2mindspore.
2024-01-04 15:29:37 [INFO]    [ 42.86%] Line: 10 ApiType: SUPPORTED Message: "torch.cuda.is_available" has no corresponding api in MindSpore, will be converted to adapted api "x2ms_adapter.is_cuda_available" by x2mindspore.
2024-01-04 15:29:37 [INFO]    [ 42.86%] Line: 23 ApiType: SUPPORTED Message: The corresponding api of "torch.zeros" is "mindspore.ops.Zeros", will be converted to "x2ms_adapter.zeros" by x2mindspore.
2024-01-04 15:29:37 [INFO]    [ 42.86%] Line: 26 ApiType: SUPPORTED Message: The corresponding api of "torch.tensor" is "mindspore.Tensor", will be converted to "x2ms_adapter.x2ms_tensor" by x2mindspore.
2024-01-04 15:29:37 [INFO]    [ 42.86%] Line: 26 ApiType: SUPPORTED Message: "torch.long" has no corresponding api in MindSpore, will be converted to adapted api "mindspore.int64" by x2mindspore.
2024-01-04 15:29:37 [INFO]    [ 42.86%] Line: 32 ApiType: SUPPORTED Message: The corresponding api of "torch.tensor" is "mindspore.Tensor", will be converted to "x2ms_adapter.x2ms_tensor" by x2mindspore.
2024-01-04 15:29:37 [INFO]    [ 42.86%] Line: 32 ApiType: SUPPORTED Message: "torch.long" has no corresponding api in MindSpore, will be converted to adapted api "mindspore.int64" by x2mindspore.
2024-01-04 15:29:37 [INFO]    [ 42.86%] Line: 66 ApiType: SUPPORTED Message: The corresponding api of "torch.sort" is "mindspore.ops.Sort", will be converted to "x2ms_adapter.sort" by x2mindspore.
2024-01-04 15:29:37 [INFO]    [ 42.86%] Line: 97 ApiType: SUPPORTED Message: The corresponding api of "torch.optim.Adam" is "mindspore.nn.Adam", will be converted to "optim_register.adam" by x2mindspore.
2024-01-04 15:29:37 [WARNING] [ 42.86%] Line: 99 ApiType: UNSUPPORTED Message: The corresponding api of "torch.optim.lr_scheduler.ExponentialLR" is "mindspore.nn.exponential_decay_lr", but has not been adapted in x2mindspore.
2024-01-04 15:29:37 [WARNING] [ 42.86%] Line: 150 ApiType: DELETED Message: "torch.no_grad" has no corresponding api in MindSpore, will be deleted by x2mindspore.
2024-01-04 15:29:38 [WARNING] [ 42.86%] Line: 249 ApiType: DELETED Message: "torch.backends.cudnn.deterministic" has no corresponding api in MindSpore, will be deleted by x2mindspore.
2024-01-04 15:29:38 [INFO]    [ 42.86%] Line: 252 ApiType: SUPPORTED Message: "torch.manual_seed" has no corresponding api in MindSpore, will be converted to adapted api "mindspore.set_seed" by x2mindspore.
2024-01-04 15:29:38 [INFO]    [ 42.86%] Line: 253 ApiType: SUPPORTED Message: "torch.cuda.manual_seed_all" has no corresponding api in MindSpore, will be converted to adapted api "mindspore.set_seed" by x2mindspore.
2024-01-04 15:29:44 [INFO]    [ 57.14%] Analysis main-WikiPeople.py complete.
2024-01-04 15:29:44 [INFO]    [ 57.14%] x2mindspore.log is not a python script, skip.
2024-01-04 15:29:44 [INFO]    [ 57.14%] Start analysis model.py.
2024-01-04 15:29:48 [INFO]    [ 57.14%] Line: 14 ApiType: SUPPORTED Message: The corresponding api of "torch.nn.Module" is "mindspore.nn.Cell", will be converted to "nn.Cell" by x2mindspore.
2024-01-04 15:29:48 [INFO]    [ 57.14%] Line: 17 ApiType: SUPPORTED Message: The corresponding api of "torch.nn.Parameter" is "mindspore.Parameter", will be converted to "mindspore.Parameter" by x2mindspore.
2024-01-04 15:29:48 [INFO]    [ 57.14%] Line: 17 ApiType: SUPPORTED Message: The corresponding api of "torch.tensor" is "mindspore.Tensor", will be converted to "x2ms_adapter.x2ms_tensor" by x2mindspore.
2024-01-04 15:29:48 [INFO]    [ 57.14%] Line: 17 ApiType: SUPPORTED Message: "torch.int32" has no corresponding api in MindSpore, will be converted to adapted api "mindspore.int32" by x2mindspore.
2024-01-04 15:29:48 [INFO]    [ 57.14%] Line: 18 ApiType: SUPPORTED Message: The corresponding api of "torch.nn.Parameter" is "mindspore.Parameter", will be converted to "mindspore.Parameter" by x2mindspore.
2024-01-04 15:29:48 [INFO]    [ 57.14%] Line: 18 ApiType: SUPPORTED Message: The corresponding api of "torch.tensor" is "mindspore.Tensor", will be converted to "x2ms_adapter.x2ms_tensor" by x2mindspore.
2024-01-04 15:29:48 [INFO]    [ 57.14%] Line: 18 ApiType: SUPPORTED Message: "torch.float64" has no corresponding api in MindSpore, will be converted to adapted api "mindspore.float64" by x2mindspore.
2024-01-04 15:29:48 [INFO]    [ 57.14%] Line: 19 ApiType: SUPPORTED Message: The corresponding api of "torch.nn.Parameter" is "mindspore.Parameter", will be converted to "mindspore.Parameter" by x2mindspore.
2024-01-04 15:29:48 [INFO]    [ 57.14%] Line: 19 ApiType: SUPPORTED Message: The corresponding api of "torch.tensor" is "mindspore.Tensor", will be converted to "x2ms_adapter.x2ms_tensor" by x2mindspore.
2024-01-04 15:29:48 [INFO]    [ 57.14%] Line: 19 ApiType: SUPPORTED Message: "torch.int32" has no corresponding api in MindSpore, will be converted to adapted api "mindspore.int32" by x2mindspore.
2024-01-04 15:29:48 [INFO]    [ 57.14%] Line: 20 ApiType: SUPPORTED Message: The corresponding api of "torch.nn.Parameter" is "mindspore.Parameter", will be converted to "mindspore.Parameter" by x2mindspore.
2024-01-04 15:29:48 [INFO]    [ 57.14%] Line: 20 ApiType: SUPPORTED Message: The corresponding api of "torch.tensor" is "mindspore.Tensor", will be converted to "x2ms_adapter.x2ms_tensor" by x2mindspore.
2024-01-04 15:29:48 [INFO]    [ 57.14%] Line: 20 ApiType: SUPPORTED Message: "torch.float64" has no corresponding api in MindSpore, will be converted to adapted api "mindspore.float64" by x2mindspore.
2024-01-04 15:29:48 [INFO]    [ 57.14%] Line: 22 ApiType: SUPPORTED Message: The corresponding api of "torch.nn.Module" is "mindspore.nn.Cell", will be converted to "nn.Cell" by x2mindspore.
2024-01-04 15:29:48 [INFO]    [ 57.14%] Line: 28 ApiType: SUPPORTED Message: The corresponding api of "torch.nn.functional.softmax" is "mindspore.ops.Softmax", will be converted to "x2ms_adapter.nn_functional.softmax" by x2mindspore.
2024-01-04 15:29:48 [INFO]    [ 57.14%] Line: 29 ApiType: SUPPORTED Message: The corresponding api of "torch.log" is "mindspore.ops.Log", will be converted to "x2ms_adapter.log" by x2mindspore.
2024-01-04 15:29:48 [INFO]    [ 57.14%] Line: 45 ApiType: SUPPORTED Message: The corresponding api of "torch.nn.Parameter" is "mindspore.Parameter", will be converted to "mindspore.Parameter" by x2mindspore.
2024-01-04 15:29:48 [INFO]    [ 57.14%] Line: 45 ApiType: SUPPORTED Message: The corresponding api of "torch.Tensor" is "mindspore.Tensor", will be converted to "x2ms_adapter.Tensor" by x2mindspore.
2024-01-04 15:29:48 [INFO]    [ 57.14%] Line: 46 ApiType: SUPPORTED Message: The corresponding api of "torch.nn.Parameter" is "mindspore.Parameter", will be converted to "mindspore.Parameter" by x2mindspore.
2024-01-04 15:29:48 [INFO]    [ 57.14%] Line: 46 ApiType: SUPPORTED Message: The corresponding api of "torch.Tensor" is "mindspore.Tensor", will be converted to "x2ms_adapter.Tensor" by x2mindspore.
2024-01-04 15:29:48 [INFO]    [ 57.14%] Line: 47 ApiType: SUPPORTED Message: The corresponding api of "torch.nn.Embedding" is "mindspore.nn.Embedding", will be converted to "x2ms_nn.Embedding" by x2mindspore.
2024-01-04 15:29:48 [INFO]    [ 57.14%] Line: 49 ApiType: SUPPORTED Message: The corresponding api of "torch.nn.Conv3d" is "mindspore.nn.Conv3d", will be converted to "x2ms_nn.Conv3d" by x2mindspore.
2024-01-04 15:29:48 [INFO]    [ 57.14%] Line: 50 ApiType: SUPPORTED Message: The corresponding api of "torch.nn.Conv3d" is "mindspore.nn.Conv3d", will be converted to "x2ms_nn.Conv3d" by x2mindspore.
2024-01-04 15:29:48 [INFO]    [ 57.14%] Line: 51 ApiType: SUPPORTED Message: The corresponding api of "torch.nn.Conv3d" is "mindspore.nn.Conv3d", will be converted to "x2ms_nn.Conv3d" by x2mindspore.
2024-01-04 15:29:48 [INFO]    [ 57.14%] Line: 52 ApiType: SUPPORTED Message: The corresponding api of "torch.nn.Conv3d" is "mindspore.nn.Conv3d", will be converted to "x2ms_nn.Conv3d" by x2mindspore.
2024-01-04 15:29:48 [INFO]    [ 57.14%] Line: 53 ApiType: SUPPORTED Message: The corresponding api of "torch.nn.Conv3d" is "mindspore.nn.Conv3d", will be converted to "x2ms_nn.Conv3d" by x2mindspore.
2024-01-04 15:29:48 [INFO]    [ 57.14%] Line: 54 ApiType: SUPPORTED Message: The corresponding api of "torch.nn.Conv3d" is "mindspore.nn.Conv3d", will be converted to "x2ms_nn.Conv3d" by x2mindspore.
2024-01-04 15:29:48 [INFO]    [ 57.14%] Line: 55 ApiType: SUPPORTED Message: The corresponding api of "torch.nn.Conv3d" is "mindspore.nn.Conv3d", will be converted to "x2ms_nn.Conv3d" by x2mindspore.
2024-01-04 15:29:48 [INFO]    [ 57.14%] Line: 56 ApiType: SUPPORTED Message: The corresponding api of "torch.nn.Conv3d" is "mindspore.nn.Conv3d", will be converted to "x2ms_nn.Conv3d" by x2mindspore.
2024-01-04 15:29:48 [INFO]    [ 57.14%] Line: 57 ApiType: SUPPORTED Message: The corresponding api of "torch.nn.Linear" is "mindspore.nn.Dense", will be converted to "x2ms_nn.Linear" by x2mindspore.
2024-01-04 15:29:48 [WARNING] [ 57.14%] Line: 59 ApiType: UNSUPPORTED Message: The corresponding api of "torch.nn.MaxPool3d" is "mindspore.ops.MaxPool3D", but has not been adapted in x2mindspore.
2024-01-04 15:29:48 [INFO]    [ 57.14%] Line: 60 ApiType: SUPPORTED Message: The corresponding api of "torch.nn.MaxPool2d" is "mindspore.nn.MaxPool2d", will be converted to "x2ms_nn.MaxPool2d" by x2mindspore.
2024-01-04 15:29:48 [INFO]    [ 57.14%] Line: 62 ApiType: SUPPORTED Message: The corresponding api of "torch.nn.Dropout" is "mindspore.nn.Dropout", will be converted to "x2ms_nn.Dropout" by x2mindspore.
2024-01-04 15:29:48 [INFO]    [ 57.14%] Line: 63 ApiType: SUPPORTED Message: The corresponding api of "torch.nn.Dropout" is "mindspore.nn.Dropout", will be converted to "x2ms_nn.Dropout" by x2mindspore.
2024-01-04 15:29:48 [INFO]    [ 57.14%] Line: 64 ApiType: SUPPORTED Message: The corresponding api of "torch.nn.Dropout" is "mindspore.nn.Dropout", will be converted to "x2ms_nn.Dropout" by x2mindspore.
2024-01-04 15:29:48 [INFO]    [ 57.14%] Line: 65 ApiType: SUPPORTED Message: The corresponding api of "torch.nn.Dropout" is "mindspore.nn.Dropout", will be converted to "x2ms_nn.Dropout" by x2mindspore.
2024-01-04 15:29:48 [INFO]    [ 57.14%] Line: 66 ApiType: SUPPORTED Message: The corresponding api of "torch.nn.ReLU" is "mindspore.nn.ReLU", will be converted to "x2ms_nn.ReLU" by x2mindspore.
2024-01-04 15:29:48 [INFO]    [ 57.14%] Line: 69 ApiType: SUPPORTED Message: The corresponding api of "torch.nn.Linear" is "mindspore.nn.Dense", will be converted to "x2ms_nn.Linear" by x2mindspore.
2024-01-04 15:29:48 [INFO]    [ 57.14%] Line: 70 ApiType: SUPPORTED Message: The corresponding api of "torch.nn.Parameter" is "mindspore.Parameter", will be converted to "mindspore.Parameter" by x2mindspore.
2024-01-04 15:29:48 [INFO]    [ 57.14%] Line: 70 ApiType: SUPPORTED Message: The corresponding api of "torch.empty" is "mindspore.numpy.empty", will be converted to "x2ms_adapter.empty" by x2mindspore.
2024-01-04 15:29:48 [INFO]    [ 57.14%] Line: 71 ApiType: SUPPORTED Message: The corresponding api of "torch.nn.Linear" is "mindspore.nn.Dense", will be converted to "x2ms_nn.Linear" by x2mindspore.
2024-01-04 15:29:48 [INFO]    [ 57.14%] Line: 72 ApiType: SUPPORTED Message: The corresponding api of "torch.nn.Linear" is "mindspore.nn.Dense", will be converted to "x2ms_nn.Linear" by x2mindspore.
2024-01-04 15:29:48 [INFO]    [ 57.14%] Line: 73 ApiType: SUPPORTED Message: The corresponding api of "torch.nn.Linear" is "mindspore.nn.Dense", will be converted to "x2ms_nn.Linear" by x2mindspore.
2024-01-04 15:29:48 [INFO]    [ 57.14%] Line: 74 ApiType: SUPPORTED Message: The corresponding api of "torch.nn.Linear" is "mindspore.nn.Dense", will be converted to "x2ms_nn.Linear" by x2mindspore.
2024-01-04 15:29:48 [INFO]    [ 57.14%] Line: 75 ApiType: SUPPORTED Message: The corresponding api of "torch.nn.Linear" is "mindspore.nn.Dense", will be converted to "x2ms_nn.Linear" by x2mindspore.
2024-01-04 15:29:48 [INFO]    [ 57.14%] Line: 76 ApiType: SUPPORTED Message: The corresponding api of "torch.nn.Linear" is "mindspore.nn.Dense", will be converted to "x2ms_nn.Linear" by x2mindspore.
2024-01-04 15:29:48 [INFO]    [ 57.14%] Line: 77 ApiType: SUPPORTED Message: The corresponding api of "torch.nn.Linear" is "mindspore.nn.Dense", will be converted to "x2ms_nn.Linear" by x2mindspore.
2024-01-04 15:29:48 [INFO]    [ 57.14%] Line: 78 ApiType: SUPPORTED Message: The corresponding api of "torch.nn.Linear" is "mindspore.nn.Dense", will be converted to "x2ms_nn.Linear" by x2mindspore.
2024-01-04 15:29:48 [WARNING] [ 57.14%] Line: 80 ApiType: UNSUPPORTED Message: "torch.nn.BatchNorm3d" is not supported.
2024-01-04 15:29:48 [WARNING] [ 57.14%] Line: 81 ApiType: UNSUPPORTED Message: "torch.nn.BatchNorm3d" is not supported.
2024-01-04 15:29:48 [INFO]    [ 57.14%] Line: 82 ApiType: SUPPORTED Message: The corresponding api of "torch.nn.BatchNorm2d" is "mindspore.nn.BatchNorm2d", will be converted to "x2ms_nn.BatchNorm2d" by x2mindspore.
2024-01-04 15:29:48 [INFO]    [ 57.14%] Line: 83 ApiType: SUPPORTED Message: The corresponding api of "torch.nn.BatchNorm1d" is "mindspore.nn.BatchNorm1d", will be converted to "x2ms_nn.BatchNorm1d" by x2mindspore.
2024-01-04 15:29:48 [INFO]    [ 57.14%] Line: 84 ApiType: SUPPORTED Message: The corresponding api of "torch.nn.Parameter" is "mindspore.Parameter", will be converted to "mindspore.Parameter" by x2mindspore.
2024-01-04 15:29:48 [INFO]    [ 57.14%] Line: 84 ApiType: SUPPORTED Message: The corresponding api of "torch.zeros" is "mindspore.ops.Zeros", will be converted to "x2ms_adapter.zeros" by x2mindspore.
2024-01-04 15:29:48 [WARNING] [ 57.14%] Line: 85 ApiType: UNSUPPORTED Message: "torch.nn.Softplus" is not supported.
2024-01-04 15:29:48 [INFO]    [ 57.14%] Line: 88 ApiType: SUPPORTED Message: The corresponding api of "torch.nn.init.xavier_uniform_" is "mindspore.common.initializer.XavierUniform", will be converted to "x2ms_adapter.nn_init.xavier_uniform_" by x2mindspore.
2024-01-04 15:29:48 [INFO]    [ 57.14%] Line: 89 ApiType: SUPPORTED Message: The corresponding api of "torch.nn.init.xavier_uniform_" is "mindspore.common.initializer.XavierUniform", will be converted to "x2ms_adapter.nn_init.xavier_uniform_" by x2mindspore.
2024-01-04 15:29:48 [INFO]    [ 57.14%] Line: 90 ApiType: SUPPORTED Message: The corresponding api of "torch.nn.init.xavier_uniform_" is "mindspore.common.initializer.XavierUniform", will be converted to "x2ms_adapter.nn_init.xavier_uniform_" by x2mindspore.
2024-01-04 15:29:48 [INFO]    [ 57.14%] Line: 91 ApiType: SUPPORTED Message: The corresponding api of "torch.nn.init.xavier_uniform_" is "mindspore.common.initializer.XavierUniform", will be converted to "x2ms_adapter.nn_init.xavier_uniform_" by x2mindspore.
2024-01-04 15:29:48 [INFO]    [ 57.14%] Line: 92 ApiType: SUPPORTED Message: The corresponding api of "torch.nn.init.xavier_uniform_" is "mindspore.common.initializer.XavierUniform", will be converted to "x2ms_adapter.nn_init.xavier_uniform_" by x2mindspore.
2024-01-04 15:29:48 [INFO]    [ 57.14%] Line: 93 ApiType: SUPPORTED Message: The corresponding api of "torch.nn.init.xavier_uniform_" is "mindspore.common.initializer.XavierUniform", will be converted to "x2ms_adapter.nn_init.xavier_uniform_" by x2mindspore.
2024-01-04 15:29:48 [INFO]    [ 57.14%] Line: 94 ApiType: SUPPORTED Message: The corresponding api of "torch.nn.init.xavier_uniform_" is "mindspore.common.initializer.XavierUniform", will be converted to "x2ms_adapter.nn_init.xavier_uniform_" by x2mindspore.
2024-01-04 15:29:48 [INFO]    [ 57.14%] Line: 95 ApiType: SUPPORTED Message: The corresponding api of "torch.nn.init.xavier_uniform_" is "mindspore.common.initializer.XavierUniform", will be converted to "x2ms_adapter.nn_init.xavier_uniform_" by x2mindspore.
2024-01-04 15:29:48 [INFO]    [ 57.14%] Line: 96 ApiType: SUPPORTED Message: The corresponding api of "torch.nn.init.xavier_uniform_" is "mindspore.common.initializer.XavierUniform", will be converted to "x2ms_adapter.nn_init.xavier_uniform_" by x2mindspore.
2024-01-04 15:29:48 [INFO]    [ 57.14%] Line: 97 ApiType: SUPPORTED Message: The corresponding api of "torch.nn.init.xavier_uniform_" is "mindspore.common.initializer.XavierUniform", will be converted to "x2ms_adapter.nn_init.xavier_uniform_" by x2mindspore.
2024-01-04 15:29:48 [INFO]    [ 57.14%] Line: 98 ApiType: SUPPORTED Message: The corresponding api of "torch.nn.init.xavier_uniform_" is "mindspore.common.initializer.XavierUniform", will be converted to "x2ms_adapter.nn_init.xavier_uniform_" by x2mindspore.
2024-01-04 15:29:48 [INFO]    [ 57.14%] Line: 99 ApiType: SUPPORTED Message: The corresponding api of "torch.nn.init.xavier_uniform_" is "mindspore.common.initializer.XavierUniform", will be converted to "x2ms_adapter.nn_init.xavier_uniform_" by x2mindspore.
2024-01-04 15:29:48 [INFO]    [ 57.14%] Line: 100 ApiType: SUPPORTED Message: The corresponding api of "torch.nn.init.xavier_uniform_" is "mindspore.common.initializer.XavierUniform", will be converted to "x2ms_adapter.nn_init.xavier_uniform_" by x2mindspore.
2024-01-04 15:29:48 [INFO]    [ 57.14%] Line: 101 ApiType: SUPPORTED Message: The corresponding api of "torch.nn.init.xavier_uniform_" is "mindspore.common.initializer.XavierUniform", will be converted to "x2ms_adapter.nn_init.xavier_uniform_" by x2mindspore.
2024-01-04 15:29:48 [INFO]    [ 57.14%] Line: 102 ApiType: SUPPORTED Message: The corresponding api of "torch.nn.init.xavier_uniform_" is "mindspore.common.initializer.XavierUniform", will be converted to "x2ms_adapter.nn_init.xavier_uniform_" by x2mindspore.
2024-01-04 15:29:48 [INFO]    [ 57.14%] Line: 103 ApiType: SUPPORTED Message: The corresponding api of "torch.nn.init.xavier_uniform_" is "mindspore.common.initializer.XavierUniform", will be converted to "x2ms_adapter.nn_init.xavier_uniform_" by x2mindspore.
2024-01-04 15:29:48 [INFO]    [ 57.14%] Line: 104 ApiType: SUPPORTED Message: The corresponding api of "torch.nn.init.xavier_uniform_" is "mindspore.common.initializer.XavierUniform", will be converted to "x2ms_adapter.nn_init.xavier_uniform_" by x2mindspore.
2024-01-04 15:29:48 [INFO]    [ 57.14%] Line: 105 ApiType: SUPPORTED Message: The corresponding api of "torch.nn.init.xavier_uniform_" is "mindspore.common.initializer.XavierUniform", will be converted to "x2ms_adapter.nn_init.xavier_uniform_" by x2mindspore.
2024-01-04 15:29:48 [INFO]    [ 57.14%] Line: 106 ApiType: SUPPORTED Message: The corresponding api of "torch.nn.init.xavier_uniform_" is "mindspore.common.initializer.XavierUniform", will be converted to "x2ms_adapter.nn_init.xavier_uniform_" by x2mindspore.
2024-01-04 15:29:48 [INFO]    [ 57.14%] Line: 107 ApiType: SUPPORTED Message: The corresponding api of "torch.nn.init.xavier_uniform_" is "mindspore.common.initializer.XavierUniform", will be converted to "x2ms_adapter.nn_init.xavier_uniform_" by x2mindspore.
2024-01-04 15:29:48 [INFO]    [ 57.14%] Line: 108 ApiType: SUPPORTED Message: The corresponding api of "torch.nn.init.xavier_uniform_" is "mindspore.common.initializer.XavierUniform", will be converted to "x2ms_adapter.nn_init.xavier_uniform_" by x2mindspore.
2024-01-04 15:29:48 [INFO]    [ 57.14%] Line: 109 ApiType: SUPPORTED Message: The corresponding api of "torch.nn.init.xavier_uniform_" is "mindspore.common.initializer.XavierUniform", will be converted to "x2ms_adapter.nn_init.xavier_uniform_" by x2mindspore.
2024-01-04 15:29:48 [INFO]    [ 57.14%] Line: 114 ApiType: SUPPORTED Message: The corresponding api of "torch.cat" is "mindspore.ops.Concat", will be converted to "x2ms_adapter.cat" by x2mindspore.
2024-01-04 15:29:48 [INFO]    [ 57.14%] Line: 122 ApiType: SUPPORTED Message: The corresponding api of "torch.cat" is "mindspore.ops.Concat", will be converted to "x2ms_adapter.cat" by x2mindspore.
2024-01-04 15:29:48 [INFO]    [ 57.14%] Line: 133 ApiType: SUPPORTED Message: The corresponding api of "torch.cat" is "mindspore.ops.Concat", will be converted to "x2ms_adapter.cat" by x2mindspore.
2024-01-04 15:29:48 [INFO]    [ 57.14%] Line: 145 ApiType: SUPPORTED Message: The corresponding api of "torch.cat" is "mindspore.ops.Concat", will be converted to "x2ms_adapter.cat" by x2mindspore.
2024-01-04 15:29:48 [INFO]    [ 57.14%] Line: 158 ApiType: SUPPORTED Message: The corresponding api of "torch.cat" is "mindspore.ops.Concat", will be converted to "x2ms_adapter.cat" by x2mindspore.
2024-01-04 15:29:48 [INFO]    [ 57.14%] Line: 172 ApiType: SUPPORTED Message: The corresponding api of "torch.cat" is "mindspore.ops.Concat", will be converted to "x2ms_adapter.cat" by x2mindspore.
2024-01-04 15:29:48 [INFO]    [ 57.14%] Line: 187 ApiType: SUPPORTED Message: The corresponding api of "torch.cat" is "mindspore.ops.Concat", will be converted to "x2ms_adapter.cat" by x2mindspore.
2024-01-04 15:29:48 [INFO]    [ 57.14%] Line: 203 ApiType: SUPPORTED Message: The corresponding api of "torch.cat" is "mindspore.ops.Concat", will be converted to "x2ms_adapter.cat" by x2mindspore.
2024-01-04 15:29:48 [INFO]    [ 57.14%] Line: 220 ApiType: SUPPORTED Message: The corresponding api of "torch.cat" is "mindspore.ops.Concat", will be converted to "x2ms_adapter.cat" by x2mindspore.
2024-01-04 15:29:48 [INFO]    [ 57.14%] Line: 241 ApiType: SUPPORTED Message: The corresponding api of "torch.nn.functional.conv2d" is "mindspore.ops.Conv2D", will be converted to "x2ms_adapter.nn_functional.conv2d" by x2mindspore.
2024-01-04 15:29:48 [INFO]    [ 57.14%] Line: 244 ApiType: SUPPORTED Message: The corresponding api of "torch.sum" is "mindspore.ops.ReduceSum", will be converted to "x2ms_adapter.x2ms_sum" by x2mindspore.
2024-01-04 15:29:48 [INFO]    [ 57.14%] Line: 263 ApiType: SUPPORTED Message: The corresponding api of "torch.cat" is "mindspore.ops.Concat", will be converted to "x2ms_adapter.cat" by x2mindspore.
2024-01-04 15:29:48 [INFO]    [ 57.14%] Line: 275 ApiType: SUPPORTED Message: The corresponding api of "torch.cat" is "mindspore.ops.Concat", will be converted to "x2ms_adapter.cat" by x2mindspore.
2024-01-04 15:29:48 [INFO]    [ 57.14%] Line: 289 ApiType: SUPPORTED Message: The corresponding api of "torch.cat" is "mindspore.ops.Concat", will be converted to "x2ms_adapter.cat" by x2mindspore.
2024-01-04 15:29:48 [INFO]    [ 57.14%] Line: 305 ApiType: SUPPORTED Message: The corresponding api of "torch.cat" is "mindspore.ops.Concat", will be converted to "x2ms_adapter.cat" by x2mindspore.
2024-01-04 15:29:48 [INFO]    [ 57.14%] Line: 323 ApiType: SUPPORTED Message: The corresponding api of "torch.cat" is "mindspore.ops.Concat", will be converted to "x2ms_adapter.cat" by x2mindspore.
2024-01-04 15:29:48 [INFO]    [ 57.14%] Line: 343 ApiType: SUPPORTED Message: The corresponding api of "torch.cat" is "mindspore.ops.Concat", will be converted to "x2ms_adapter.cat" by x2mindspore.
2024-01-04 15:29:48 [INFO]    [ 57.14%] Line: 365 ApiType: SUPPORTED Message: The corresponding api of "torch.cat" is "mindspore.ops.Concat", will be converted to "x2ms_adapter.cat" by x2mindspore.
2024-01-04 15:29:48 [INFO]    [ 57.14%] Line: 379 ApiType: SUPPORTED Message: The corresponding api of "torch.tensor" is "mindspore.Tensor", will be converted to "x2ms_adapter.x2ms_tensor" by x2mindspore.
2024-01-04 15:29:48 [INFO]    [ 57.14%] Line: 382 ApiType: SUPPORTED Message: The corresponding api of "torch.cat" is "mindspore.ops.Concat", will be converted to "x2ms_adapter.cat" by x2mindspore.
2024-01-04 15:29:48 [INFO]    [ 57.14%] Line: 393 ApiType: SUPPORTED Message: "torch.LongTensor" has no corresponding api in MindSpore, will be converted to adapted api "x2ms_adapter.LongTensor" by x2mindspore.
2024-01-04 15:29:48 [INFO]    [ 57.14%] Line: 396 ApiType: SUPPORTED Message: The corresponding api of "torch.mm" is "mindspore.ops.MatMul", will be converted to "x2ms_adapter.mm" by x2mindspore.
2024-01-04 15:29:57 [INFO]    [ 71.43%] Analysis model.py complete.
2024-01-04 15:29:57 [INFO]    [ 71.43%] Start analysis main-JF17K.py.
2024-01-04 15:29:59 [INFO]    [ 71.43%] Line: 10 ApiType: SUPPORTED Message: "torch.device" has no corresponding api in MindSpore, will be converted to adapted api "x2ms_adapter.Device" by x2mindspore.
2024-01-04 15:29:59 [INFO]    [ 71.43%] Line: 10 ApiType: SUPPORTED Message: "torch.cuda.is_available" has no corresponding api in MindSpore, will be converted to adapted api "x2ms_adapter.is_cuda_available" by x2mindspore.
2024-01-04 15:29:59 [INFO]    [ 71.43%] Line: 23 ApiType: SUPPORTED Message: The corresponding api of "torch.zeros" is "mindspore.ops.Zeros", will be converted to "x2ms_adapter.zeros" by x2mindspore.
2024-01-04 15:29:59 [INFO]    [ 71.43%] Line: 26 ApiType: SUPPORTED Message: The corresponding api of "torch.tensor" is "mindspore.Tensor", will be converted to "x2ms_adapter.x2ms_tensor" by x2mindspore.
2024-01-04 15:29:59 [INFO]    [ 71.43%] Line: 26 ApiType: SUPPORTED Message: "torch.long" has no corresponding api in MindSpore, will be converted to adapted api "mindspore.int64" by x2mindspore.
2024-01-04 15:29:59 [INFO]    [ 71.43%] Line: 32 ApiType: SUPPORTED Message: The corresponding api of "torch.tensor" is "mindspore.Tensor", will be converted to "x2ms_adapter.x2ms_tensor" by x2mindspore.
2024-01-04 15:29:59 [INFO]    [ 71.43%] Line: 32 ApiType: SUPPORTED Message: "torch.long" has no corresponding api in MindSpore, will be converted to adapted api "mindspore.int64" by x2mindspore.
2024-01-04 15:29:59 [INFO]    [ 71.43%] Line: 66 ApiType: SUPPORTED Message: The corresponding api of "torch.sort" is "mindspore.ops.Sort", will be converted to "x2ms_adapter.sort" by x2mindspore.
2024-01-04 15:29:59 [INFO]    [ 71.43%] Line: 97 ApiType: SUPPORTED Message: The corresponding api of "torch.optim.Adam" is "mindspore.nn.Adam", will be converted to "optim_register.adam" by x2mindspore.
2024-01-04 15:29:59 [WARNING] [ 71.43%] Line: 99 ApiType: UNSUPPORTED Message: The corresponding api of "torch.optim.lr_scheduler.ExponentialLR" is "mindspore.nn.exponential_decay_lr", but has not been adapted in x2mindspore.
2024-01-04 15:29:59 [WARNING] [ 71.43%] Line: 150 ApiType: DELETED Message: "torch.no_grad" has no corresponding api in MindSpore, will be deleted by x2mindspore.
2024-01-04 15:29:59 [WARNING] [ 71.43%] Line: 249 ApiType: DELETED Message: "torch.backends.cudnn.deterministic" has no corresponding api in MindSpore, will be deleted by x2mindspore.
2024-01-04 15:29:59 [INFO]    [ 71.43%] Line: 252 ApiType: SUPPORTED Message: "torch.manual_seed" has no corresponding api in MindSpore, will be converted to adapted api "mindspore.set_seed" by x2mindspore.
2024-01-04 15:29:59 [INFO]    [ 71.43%] Line: 253 ApiType: SUPPORTED Message: "torch.cuda.manual_seed_all" has no corresponding api in MindSpore, will be converted to adapted api "mindspore.set_seed" by x2mindspore.
2024-01-04 15:30:05 [INFO]    [ 85.71%] Analysis main-JF17K.py complete.
2024-01-04 15:30:05 [INFO]    [ 85.71%] Start analysis main-FB-AUTO.py.
2024-01-04 15:30:07 [INFO]    [ 85.71%] Line: 10 ApiType: SUPPORTED Message: "torch.device" has no corresponding api in MindSpore, will be converted to adapted api "x2ms_adapter.Device" by x2mindspore.
2024-01-04 15:30:07 [INFO]    [ 85.71%] Line: 10 ApiType: SUPPORTED Message: "torch.cuda.is_available" has no corresponding api in MindSpore, will be converted to adapted api "x2ms_adapter.is_cuda_available" by x2mindspore.
2024-01-04 15:30:07 [INFO]    [ 85.71%] Line: 23 ApiType: SUPPORTED Message: The corresponding api of "torch.zeros" is "mindspore.ops.Zeros", will be converted to "x2ms_adapter.zeros" by x2mindspore.
2024-01-04 15:30:07 [INFO]    [ 85.71%] Line: 26 ApiType: SUPPORTED Message: The corresponding api of "torch.tensor" is "mindspore.Tensor", will be converted to "x2ms_adapter.x2ms_tensor" by x2mindspore.
2024-01-04 15:30:07 [INFO]    [ 85.71%] Line: 26 ApiType: SUPPORTED Message: "torch.long" has no corresponding api in MindSpore, will be converted to adapted api "mindspore.int64" by x2mindspore.
2024-01-04 15:30:07 [INFO]    [ 85.71%] Line: 32 ApiType: SUPPORTED Message: The corresponding api of "torch.tensor" is "mindspore.Tensor", will be converted to "x2ms_adapter.x2ms_tensor" by x2mindspore.
2024-01-04 15:30:07 [INFO]    [ 85.71%] Line: 32 ApiType: SUPPORTED Message: "torch.long" has no corresponding api in MindSpore, will be converted to adapted api "mindspore.int64" by x2mindspore.
2024-01-04 15:30:07 [INFO]    [ 85.71%] Line: 66 ApiType: SUPPORTED Message: The corresponding api of "torch.sort" is "mindspore.ops.Sort", will be converted to "x2ms_adapter.sort" by x2mindspore.
2024-01-04 15:30:07 [INFO]    [ 85.71%] Line: 97 ApiType: SUPPORTED Message: The corresponding api of "torch.optim.Adam" is "mindspore.nn.Adam", will be converted to "optim_register.adam" by x2mindspore.
2024-01-04 15:30:07 [WARNING] [ 85.71%] Line: 99 ApiType: UNSUPPORTED Message: The corresponding api of "torch.optim.lr_scheduler.ExponentialLR" is "mindspore.nn.exponential_decay_lr", but has not been adapted in x2mindspore.
2024-01-04 15:30:07 [WARNING] [ 85.71%] Line: 150 ApiType: DELETED Message: "torch.no_grad" has no corresponding api in MindSpore, will be deleted by x2mindspore.
2024-01-04 15:30:07 [WARNING] [ 85.71%] Line: 249 ApiType: DELETED Message: "torch.backends.cudnn.deterministic" has no corresponding api in MindSpore, will be deleted by x2mindspore.
2024-01-04 15:30:07 [INFO]    [ 85.71%] Line: 252 ApiType: SUPPORTED Message: "torch.manual_seed" has no corresponding api in MindSpore, will be converted to adapted api "mindspore.set_seed" by x2mindspore.
2024-01-04 15:30:07 [INFO]    [ 85.71%] Line: 253 ApiType: SUPPORTED Message: "torch.cuda.manual_seed_all" has no corresponding api in MindSpore, will be converted to adapted api "mindspore.set_seed" by x2mindspore.
2024-01-04 15:30:14 [INFO]    [100.00%] Analysis main-FB-AUTO.py complete.
2024-01-04 15:30:14 [INFO]    Adapter package has been copy to the output dir, please add /home/ma-user/work/Mindspore/HJE/HJE_x2ms to PYTHONPATH before training.
2024-01-04 15:30:14 [INFO]    X2MindSpore run success, welcome to the next use.
